mode: atomic
github.com/yungwood/ical-filter-proxy/calendar.go:33.62,38.69 1 0
github.com/yungwood/ical-filter-proxy/calendar.go:38.69,39.22 1 0
github.com/yungwood/ical-filter-proxy/calendar.go:39.22,41.5 1 0
github.com/yungwood/ical-filter-proxy/calendar.go:42.4,42.14 1 0
github.com/yungwood/ical-filter-proxy/calendar.go:47.2,49.16 3 0
github.com/yungwood/ical-filter-proxy/calendar.go:49.16,51.3 1 0
github.com/yungwood/ical-filter-proxy/calendar.go:52.2,52.15 1 0
github.com/yungwood/ical-filter-proxy/calendar.go:52.15,53.43 1 0
github.com/yungwood/ical-filter-proxy/calendar.go:53.43,55.4 1 0
github.com/yungwood/ical-filter-proxy/calendar.go:59.2,61.16 3 0
github.com/yungwood/ical-filter-proxy/calendar.go:61.16,63.3 1 0
github.com/yungwood/ical-filter-proxy/calendar.go:66.2,67.16 2 0
github.com/yungwood/ical-filter-proxy/calendar.go:67.16,69.3 1 0
github.com/yungwood/ical-filter-proxy/calendar.go:71.2,71.38 1 0
github.com/yungwood/ical-filter-proxy/calendar.go:71.38,73.3 1 0
github.com/yungwood/ical-filter-proxy/calendar.go:76.2,76.37 1 0
github.com/yungwood/ical-filter-proxy/calendar.go:76.37,78.38 2 0
github.com/yungwood/ical-filter-proxy/calendar.go:78.38,79.43 1 0
github.com/yungwood/ical-filter-proxy/calendar.go:79.43,81.5 1 0
github.com/yungwood/ical-filter-proxy/calendar.go:83.3,83.77 1 0
github.com/yungwood/ical-filter-proxy/calendar.go:84.8,86.3 1 0
github.com/yungwood/ical-filter-proxy/calendar.go:89.2,89.33 1 0
github.com/yungwood/ical-filter-proxy/calendar.go:89.33,91.38 2 0
github.com/yungwood/ical-filter-proxy/calendar.go:91.38,93.4 1 0
github.com/yungwood/ical-filter-proxy/calendar.go:97.2,99.16 3 0
github.com/yungwood/ical-filter-proxy/calendar.go:99.16,101.3 1 0
github.com/yungwood/ical-filter-proxy/calendar.go:104.2,104.25 1 0
github.com/yungwood/ical-filter-proxy/calendar.go:109.40,123.2 5 1
github.com/yungwood/ical-filter-proxy/calendar.go:128.75,133.20 2 0
github.com/yungwood/ical-filter-proxy/calendar.go:133.20,135.3 1 0
github.com/yungwood/ical-filter-proxy/calendar.go:138.2,138.49 1 0
github.com/yungwood/ical-filter-proxy/calendar.go:138.49,141.34 1 0
github.com/yungwood/ical-filter-proxy/calendar.go:141.34,145.26 2 0
github.com/yungwood/ical-filter-proxy/calendar.go:145.26,148.5 2 0
github.com/yungwood/ical-filter-proxy/calendar.go:151.4,154.19 2 0
github.com/yungwood/ical-filter-proxy/calendar.go:154.19,157.5 2 0
github.com/yungwood/ical-filter-proxy/calendar.go:162.2,163.13 2 0
github.com/yungwood/ical-filter-proxy/calendar.go:177.58,183.25 2 6
github.com/yungwood/ical-filter-proxy/calendar.go:183.25,186.3 2 0
github.com/yungwood/ical-filter-proxy/calendar.go:189.2,189.42 1 6
github.com/yungwood/ical-filter-proxy/calendar.go:189.42,190.62 1 4
github.com/yungwood/ical-filter-proxy/calendar.go:190.62,192.4 1 1
github.com/yungwood/ical-filter-proxy/calendar.go:196.2,196.46 1 5
github.com/yungwood/ical-filter-proxy/calendar.go:196.46,199.30 3 1
github.com/yungwood/ical-filter-proxy/calendar.go:199.30,201.4 1 0
github.com/yungwood/ical-filter-proxy/calendar.go:201.9,203.4 1 1
github.com/yungwood/ical-filter-proxy/calendar.go:205.3,205.69 1 1
github.com/yungwood/ical-filter-proxy/calendar.go:205.69,208.4 2 0
github.com/yungwood/ical-filter-proxy/calendar.go:212.2,212.43 1 5
github.com/yungwood/ical-filter-proxy/calendar.go:212.43,215.27 3 3
github.com/yungwood/ical-filter-proxy/calendar.go:215.27,217.4 1 0
github.com/yungwood/ical-filter-proxy/calendar.go:217.9,219.4 1 3
github.com/yungwood/ical-filter-proxy/calendar.go:220.3,220.63 1 3
github.com/yungwood/ical-filter-proxy/calendar.go:220.63,224.4 2 1
github.com/yungwood/ical-filter-proxy/calendar.go:228.2,228.38 1 4
github.com/yungwood/ical-filter-proxy/calendar.go:228.38,231.22 3 0
github.com/yungwood/ical-filter-proxy/calendar.go:231.22,233.4 1 0
github.com/yungwood/ical-filter-proxy/calendar.go:233.9,235.4 1 0
github.com/yungwood/ical-filter-proxy/calendar.go:236.3,236.53 1 0
github.com/yungwood/ical-filter-proxy/calendar.go:236.53,239.4 2 0
github.com/yungwood/ical-filter-proxy/calendar.go:243.2,244.13 2 4
github.com/yungwood/ical-filter-proxy/calendar.go:248.56,251.37 1 0
github.com/yungwood/ical-filter-proxy/calendar.go:251.37,253.3 1 0
github.com/yungwood/ical-filter-proxy/calendar.go:253.8,253.51 1 0
github.com/yungwood/ical-filter-proxy/calendar.go:253.51,255.3 1 0
github.com/yungwood/ical-filter-proxy/calendar.go:258.2,258.41 1 0
github.com/yungwood/ical-filter-proxy/calendar.go:258.41,260.3 1 0
github.com/yungwood/ical-filter-proxy/calendar.go:260.8,260.55 1 0
github.com/yungwood/ical-filter-proxy/calendar.go:260.55,262.3 1 0
github.com/yungwood/ical-filter-proxy/calendar.go:265.2,265.38 1 0
github.com/yungwood/ical-filter-proxy/calendar.go:265.38,267.3 1 0
github.com/yungwood/ical-filter-proxy/calendar.go:267.8,267.52 1 0
github.com/yungwood/ical-filter-proxy/calendar.go:267.52,269.3 1 0
github.com/yungwood/ical-filter-proxy/calendar.go:272.2,272.33 1 0
github.com/yungwood/ical-filter-proxy/calendar.go:272.33,274.3 1 0
github.com/yungwood/ical-filter-proxy/calendar.go:274.8,274.47 1 0
github.com/yungwood/ical-filter-proxy/calendar.go:274.47,276.3 1 0
github.com/yungwood/ical-filter-proxy/calendar.go:297.49,303.2 1 26
github.com/yungwood/ical-filter-proxy/calendar.go:306.60,308.14 1 20
github.com/yungwood/ical-filter-proxy/calendar.go:308.14,310.3 1 2
github.com/yungwood/ical-filter-proxy/calendar.go:312.2,312.24 1 18
github.com/yungwood/ical-filter-proxy/calendar.go:312.24,313.58 1 9
github.com/yungwood/ical-filter-proxy/calendar.go:313.58,315.4 1 2
github.com/yungwood/ical-filter-proxy/calendar.go:318.2,318.22 1 16
github.com/yungwood/ical-filter-proxy/calendar.go:318.22,319.57 1 7
github.com/yungwood/ical-filter-proxy/calendar.go:319.57,321.4 1 3
github.com/yungwood/ical-filter-proxy/calendar.go:324.2,324.22 1 13
github.com/yungwood/ical-filter-proxy/calendar.go:324.22,325.57 1 2
github.com/yungwood/ical-filter-proxy/calendar.go:325.57,327.4 1 1
github.com/yungwood/ical-filter-proxy/calendar.go:330.2,330.26 1 12
github.com/yungwood/ical-filter-proxy/calendar.go:330.26,332.17 2 2
github.com/yungwood/ical-filter-proxy/calendar.go:332.17,335.4 2 0
github.com/yungwood/ical-filter-proxy/calendar.go:336.3,337.13 2 2
github.com/yungwood/ical-filter-proxy/calendar.go:337.13,339.4 1 1
github.com/yungwood/ical-filter-proxy/calendar.go:341.2,341.13 1 11
github.com/yungwood/ical-filter-proxy/main.go:30.52,32.16 2 5
github.com/yungwood/ical-filter-proxy/main.go:32.16,35.3 2 0
github.com/yungwood/ical-filter-proxy/main.go:36.2,37.16 2 5
github.com/yungwood/ical-filter-proxy/main.go:37.16,40.3 2 0
github.com/yungwood/ical-filter-proxy/main.go:43.2,43.32 1 5
github.com/yungwood/ical-filter-proxy/main.go:43.32,46.3 2 1
github.com/yungwood/ical-filter-proxy/main.go:49.2,49.34 1 4
github.com/yungwood/ical-filter-proxy/main.go:49.34,55.39 2 4
github.com/yungwood/ical-filter-proxy/main.go:55.39,57.18 2 0
github.com/yungwood/ical-filter-proxy/main.go:57.18,60.5 2 0
github.com/yungwood/ical-filter-proxy/main.go:64.3,65.80 2 4
github.com/yungwood/ical-filter-proxy/main.go:65.80,68.4 2 1
github.com/yungwood/ical-filter-proxy/main.go:71.3,71.37 1 3
github.com/yungwood/ical-filter-proxy/main.go:71.37,73.18 2 0
github.com/yungwood/ical-filter-proxy/main.go:73.18,75.5 1 0
github.com/yungwood/ical-filter-proxy/main.go:80.3,80.33 1 3
github.com/yungwood/ical-filter-proxy/main.go:80.33,81.30 1 3
github.com/yungwood/ical-filter-proxy/main.go:81.30,84.5 2 1
github.com/yungwood/ical-filter-proxy/main.go:85.4,85.108 1 2
github.com/yungwood/ical-filter-proxy/main.go:89.3,89.39 1 2
github.com/yungwood/ical-filter-proxy/main.go:89.39,91.9 2 1
github.com/yungwood/ical-filter-proxy/main.go:96.2,96.13 1 2
github.com/yungwood/ical-filter-proxy/main.go:100.54,102.16 2 3
github.com/yungwood/ical-filter-proxy/main.go:102.16,104.3 1 1
github.com/yungwood/ical-filter-proxy/main.go:105.2,105.45 1 2
github.com/yungwood/ical-filter-proxy/main.go:108.13,128.18 9 0
github.com/yungwood/ical-filter-proxy/main.go:128.18,131.3 2 0
github.com/yungwood/ical-filter-proxy/main.go:134.2,135.18 2 0
github.com/yungwood/ical-filter-proxy/main.go:135.18,137.3 1 0
github.com/yungwood/ical-filter-proxy/main.go:138.2,144.17 3 0
github.com/yungwood/ical-filter-proxy/main.go:144.17,146.3 1 0
github.com/yungwood/ical-filter-proxy/main.go:146.8,148.3 1 0
github.com/yungwood/ical-filter-proxy/main.go:149.2,154.36 4 0
github.com/yungwood/ical-filter-proxy/main.go:154.36,156.3 1 0
github.com/yungwood/ical-filter-proxy/main.go:157.2,160.20 2 0
github.com/yungwood/ical-filter-proxy/main.go:160.20,163.3 2 0
github.com/yungwood/ical-filter-proxy/main.go:167.2,167.50 1 0
github.com/yungwood/ical-filter-proxy/main.go:167.50,174.74 4 0
github.com/yungwood/ical-filter-proxy/main.go:174.74,180.84 3 0
github.com/yungwood/ical-filter-proxy/main.go:180.84,184.5 3 0
github.com/yungwood/ical-filter-proxy/main.go:187.4,188.18 2 0
github.com/yungwood/ical-filter-proxy/main.go:188.18,192.5 3 0
github.com/yungwood/ical-filter-proxy/main.go:195.4,197.18 3 0
github.com/yungwood/ical-filter-proxy/main.go:197.18,201.5 3 0
github.com/yungwood/ical-filter-proxy/main.go:203.4,203.126 1 0
github.com/yungwood/ical-filter-proxy/main.go:209.2,209.76 1 0
github.com/yungwood/ical-filter-proxy/main.go:209.76,213.3 3 0
github.com/yungwood/ical-filter-proxy/main.go:214.2,214.77 1 0
github.com/yungwood/ical-filter-proxy/main.go:214.77,218.3 3 0
github.com/yungwood/ical-filter-proxy/main.go:221.2,230.12 2 0
github.com/yungwood/ical-filter-proxy/main.go:230.12,239.43 7 0
github.com/yungwood/ical-filter-proxy/main.go:239.43,241.4 1 0
github.com/yungwood/ical-filter-proxy/main.go:245.2,246.76 2 0
github.com/yungwood/ical-filter-proxy/main.go:246.76,249.3 2 0
github.com/yungwood/ical-filter-proxy/main.go:251.2,251.29 1 0
github.com/yungwood/ical-filter-proxy/main.go:255.57,256.71 1 0
github.com/yungwood/ical-filter-proxy/main.go:256.71,262.3 5 0
